0 info it worked if it ends with ok
1 verbose cli [ '/Users/james/.nvm/versions/io.js/v2.5.0/bin/iojs',
1 verbose cli   '/Users/james/.nvm/versions/io.js/v2.5.0/bin/npm',
1 verbose cli   'start' ]
2 info using npm@3.5.2
3 info using node@v2.5.0
4 verbose run-script [ 'prestart', 'start', 'poststart' ]
5 info lifecycle big-picture@0.0.1~prestart: big-picture@0.0.1
6 silly lifecycle big-picture@0.0.1~prestart: no script for prestart, continuing
7 info lifecycle big-picture@0.0.1~start: big-picture@0.0.1
8 verbose lifecycle big-picture@0.0.1~start: unsafe-perm in lifecycle true
9 verbose lifecycle big-picture@0.0.1~start: PATH: /Users/james/.nvm/versions/io.js/v2.5.0/lib/node_modules/npm/bin/node-gyp-bin:/Users/james/Documents/Projects/big-picture/node_modules/.bin:/opt/local/bin:/opt/local/sbin:/Users/james/.nvm/versions/io.js/v2.5.0/bin:/Users/james/bin:./node_modules/.bin:/usr/local/bin:/usr/bin:/bin:/usr/sbin:/sbin:/opt/X11/bin:/Users/james/AndroidDevTools/SDK/tools:/Users/james/AndroidDevTools/SDK/platform-tools:/usr/local/bin:/usr/bin:/bin:/usr/sbin:/sbin:/opt/X11/bin:/usr/local/deployd/bin:/Developer/Tools/Panda3D
10 verbose lifecycle big-picture@0.0.1~start: CWD: /Users/james/Documents/Projects/big-picture
11 silly lifecycle big-picture@0.0.1~start: Args: [ '-c', 'NODE_ENV=production node .' ]
12 silly lifecycle big-picture@0.0.1~start: Returned: code: 1  signal: null
13 info lifecycle big-picture@0.0.1~start: Failed to exec start script
14 verbose stack Error: big-picture@0.0.1 start: `NODE_ENV=production node .`
14 verbose stack Exit status 1
14 verbose stack     at EventEmitter.<anonymous> (/Users/james/.nvm/versions/io.js/v2.5.0/lib/node_modules/npm/lib/utils/lifecycle.js:232:16)
14 verbose stack     at emitTwo (events.js:87:13)
14 verbose stack     at EventEmitter.emit (events.js:172:7)
14 verbose stack     at ChildProcess.<anonymous> (/Users/james/.nvm/versions/io.js/v2.5.0/lib/node_modules/npm/lib/utils/spawn.js:24:14)
14 verbose stack     at emitTwo (events.js:87:13)
14 verbose stack     at ChildProcess.emit (events.js:172:7)
14 verbose stack     at maybeClose (internal/child_process.js:764:16)
14 verbose stack     at Process.ChildProcess._handle.onexit (internal/child_process.js:211:5)
15 verbose pkgid big-picture@0.0.1
16 verbose cwd /Users/james/Documents/Projects/big-picture
17 error Darwin 15.0.0
18 error argv "/Users/james/.nvm/versions/io.js/v2.5.0/bin/iojs" "/Users/james/.nvm/versions/io.js/v2.5.0/bin/npm" "start"
19 error node v2.5.0
20 error npm  v3.5.2
21 error code ELIFECYCLE
22 error big-picture@0.0.1 start: `NODE_ENV=production node .`
22 error Exit status 1
23 error Failed at the big-picture@0.0.1 start script 'NODE_ENV=production node .'.
23 error Make sure you have the latest version of node.js and npm installed.
23 error If you do, this is most likely a problem with the big-picture package,
23 error not with npm itself.
23 error Tell the author that this fails on your system:
23 error     NODE_ENV=production node .
23 error You can get information on how to open an issue for this project with:
23 error     npm bugs big-picture
23 error Or if that isn't available, you can get their info via:
23 error     npm owner ls big-picture
23 error There is likely additional logging output above.
24 verbose exit [ 1, true ]
